[2024-12-09 05:35:44] Trader3 sold AAPL at $145.55
[2024-12-09 05:35:44] Trader1 bought GOOGL at $2802.21
[2024-12-09 05:35:44] Trader3 bought AAPL at $147.71
[2024-12-09 05:35:44] Trader1 sold TSLA at $695.26
[2024-12-09 05:35:44] Trader2 sold MSFT at $305.51
[2024-12-09 05:35:44] Trader3 sold TSLA at $690.97
[2024-12-09 05:35:45] Trader3 bought MSFT at $306.31
[2024-12-09 05:35:45] Trader1 sold AMZN at $3496.45
[2024-12-09 05:35:45] Trader2 sold AAPL at $146.52
[2024-12-09 05:35:45] Trader2 sold MSFT at $306.13
[2024-12-09 05:35:45] Trader3 sold AAPL at $145.06
[2024-12-09 05:35:45] Trader1 sold AAPL at $143.69
[2024-12-09 05:35:46] Trader3 bought GOOGL at $2805.05
[2024-12-09 05:35:46] Trader2 bought AMZN at $3501.30
[2024-12-09 05:35:46] Trader2 sold GOOGL at $2804.66
[2024-12-09 05:35:46] Trader3 bought AAPL at $147.93
[2024-12-09 05:35:46] Trader3 bought TSLA at $691.52
[2024-12-09 05:35:46] Trader1 sold AAPL at $146.18
[2024-12-09 05:35:47] Trader2 bought MSFT at $309.83
[2024-12-09 05:35:47] Trader2 sold TSLA at $686.95
[2024-12-09 05:35:47] Trader3 bought GOOGL at $2805.80
[2024-12-09 05:35:47] Trader1 bought AMZN at $3505.27
[2024-12-09 05:35:47] Trader3 bought AAPL at $146.93
[2024-12-09 05:35:47] Trader2 bought AMZN at $3509.06
[2024-12-09 05:35:48] Trader1 bought TSLA at $688.29
[2024-12-09 05:35:48] Trader1 sold TSLA at $684.06
[2024-12-09 05:35:48] Trader2 sold MSFT at $308.59
[2024-12-09 05:35:48] Trader2 bought AAPL at $149.02
[2024-12-09 05:35:49] Trader1 bought AAPL at $149.27
[2024-12-09 05:35:49] Trader1 bought MSFT at $313.48
